<?xml version="1.0" encoding="UTF-8"?>
<coverage generated="1711811765096" clover="3.2.0">
  <project timestamp="1711811765098" name="All files">
    <metrics statements="3" coveredstatements="2" conditionals="0" coveredconditionals="0" methods="2" coveredmethods="1" elements="5" coveredelements="3" complexity="0" loc="3" ncloc="3" packages="1" files="1" classes="1"/>
    <file name="fusionArrey.js" path="C:\Users\hp\Documents\Developpement web codage\Project-de-JavaScript-17\test-js\fusionArrey.js">
      <metrics statements="3" coveredstatements="2" conditionals="0" coveredconditionals="0" methods="2" coveredmethods="1"/>
      <line num="3" count="1" type="stmt"/>
      <line num="8" count="0" type="stmt"/>
      <line num="11" count="1" type="stmt"/>
    </file>
  </project>
</coverage>
