{"C:\\Users\\hp\\Documents\\Developpement web codage\\Project-de-JavaScript-17\\test-js\\fusionArrey.js": {"path":"C:\\Users\\hp\\Documents\\Developpement web codage\\Project-de-JavaScript-17\\test-js\\fusionArrey.js","statementMap":{"0":{"start":{"line":3,"column":4},"end":{"line":3,"column":34}},"1":{"start":{"line":8,"column":4},"end":{"line":8,"column":14}},"2":{"start":{"line":11,"column":0},"end":{"line":11,"column":24}}},"fnMap":{"0":{"name":"fusion","decl":{"start":{"line":2,"column":9},"end":{"line":2,"column":15}},"loc":{"start":{"line":2,"column":32},"end":{"line":4,"column":1}},"line":2},"1":{"name":"clone","decl":{"start":{"line":7,"column":9},"end":{"line":7,"column":14}},"loc":{"start":{"line":7,"column":20},"end":{"line":9,"column":1}},"line":7}},"branchMap":{},"s":{"0":1,"1":0,"2":1},"f":{"0":1,"1":0},"b":{},"_coverageSchema":"1a1c01bbd47fc00a2c39e90264f33305004495a9","hash":"222593b2a59c8cf21c7d54989d20e26928a86256"}
}
